[13:26:26] [ServerMain/INFO]: Environment: authHost='https://authserver.mojang.com', accountsHost='https://api.mojang.com', sessionHost='https://sessionserver.mojang.com', servicesHost='https://api.minecraftservices.com', name='PROD'
[13:26:28] [ServerMain/INFO]: Reloading ResourceManager: Default, bukkit
[13:26:31] [Worker-Main-4/INFO]: Loaded 7 recipes
[13:26:39] [Server thread/INFO]: Starting minecraft server version 1.18.1
[13:26:39] [Server thread/INFO]: Loading properties
[13:26:40] [Server thread/INFO]: This server is running CraftBukkit version 3392-Spigot-54b4afa-aeaeb35 (MC: 1.18.1) (Implementing API version 1.18.1-R0.1-SNAPSHOT)
[13:26:41] [Server thread/INFO]: Debug logging is disabled
[13:26:41] [Server thread/INFO]: Server Ping Player Sample Count: 12
[13:26:41] [Server thread/INFO]: Using 4 threads for Netty based IO
[13:26:41] [Server thread/INFO]: Default game type: SURVIVAL
[13:26:41] [Server thread/INFO]: Generating keypair
[13:26:41] [Server thread/INFO]: Starting Minecraft server on *:25565
[13:26:42] [Server thread/INFO]: Using epoll channel type
[13:26:44] [Server thread/WARN]: Initializing Legacy Material Support. Unless you have legacy plugins and/or data this is a bug!
[13:26:59] [Server thread/WARN]: Legacy plugin Slimelaunch v1.0 does not specify an api-version.
[13:26:59] [Server thread/INFO]: [Slimelaunch] Loading Slimelaunch v1.0
[13:26:59] [Server thread/INFO]: Preparing level "world"
[13:27:01] [Server thread/INFO]: -------- World Settings For [world] --------
[13:27:01] [Server thread/INFO]: Cactus Growth Modifier: 100%
[13:27:01] [Server thread/INFO]: Cane Growth Modifier: 100%
[13:27:01] [Server thread/INFO]: Melon Growth Modifier: 100%
[13:27:01] [Server thread/INFO]: Mushroom Growth Modifier: 100%
[13:27:01] [Server thread/INFO]: Pumpkin Growth Modifier: 100%
[13:27:01] [Server thread/INFO]: Sapling Growth Modifier: 100%
[13:27:01] [Server thread/INFO]: Beetroot Growth Modifier: 100%
[13:27:01] [Server thread/INFO]: Carrot Growth Modifier: 100%
[13:27:01] [Server thread/INFO]: Potato Growth Modifier: 100%
[13:27:01] [Server thread/INFO]: Wheat Growth Modifier: 100%
[13:27:01] [Server thread/INFO]: NetherWart Growth Modifier: 100%
[13:27:01] [Server thread/INFO]: Vine Growth Modifier: 100%
[13:27:01] [Server thread/INFO]: Cocoa Growth Modifier: 100%
[13:27:01] [Server thread/INFO]: Bamboo Growth Modifier: 100%
[13:27:01] [Server thread/INFO]: SweetBerry Growth Modifier: 100%
[13:27:01] [Server thread/INFO]: Kelp Growth Modifier: 100%
[13:27:01] [Server thread/INFO]: Entity Activation Range: An 32 / Mo 32 / Ra 48 / Mi 16 / Tiv true / Isa false
[13:27:01] [Server thread/INFO]: Entity Tracking Range: Pl 48 / An 48 / Mo 48 / Mi 32 / Other 64
[13:27:01] [Server thread/INFO]: Experience Merge Radius: 3.0
[13:27:01] [Server thread/INFO]: Mob Spawn Range: 6
[13:27:01] [Server thread/INFO]: Hopper Transfer: 8 Hopper Check: 1 Hopper Amount: 1
[13:27:01] [Server thread/INFO]: Custom Map Seeds:  Village: 10387312 Desert: 14357617 Igloo: 14357618 Jungle: 14357619 Swamp: 14357620 Monument: 10387313 Ocean: 14357621 Shipwreck: 165745295 End City: 10387313 Slime: 987234911 Bastion: 30084232 Fortress: 30084232 Mansion: 10387319 Fossil: 14357921 Portal: 34222645
[13:27:01] [Server thread/INFO]: Max TNT Explosions: 100
[13:27:01] [Server thread/INFO]: Tile Max Tick Time: 50ms Entity max Tick Time: 50ms
[13:27:01] [Server thread/INFO]: Zombie Aggressive Towards Villager: true
[13:27:01] [Server thread/INFO]: Arrow Despawn Rate: 1200 Trident Respawn Rate:1200
[13:27:01] [Server thread/INFO]: Nerfing mobs spawned from spawners: false
[13:27:01] [Server thread/INFO]: Allow Zombie Pigmen to spawn from portal blocks: true
[13:27:01] [Server thread/INFO]: Item Despawn Rate: 6000
[13:27:01] [Server thread/INFO]: Item Merge Radius: 2.5
[13:27:01] [Server thread/INFO]: View Distance: 10
[13:27:01] [Server thread/INFO]: Simulation Distance: 10
[13:27:02] [Server thread/INFO]: -------- World Settings For [world_nether] --------
[13:27:02] [Server thread/INFO]: Cactus Growth Modifier: 100%
[13:27:02] [Server thread/INFO]: Cane Growth Modifier: 100%
[13:27:02] [Server thread/INFO]: Melon Growth Modifier: 100%
[13:27:02] [Server thread/INFO]: Mushroom Growth Modifier: 100%
[13:27:02] [Server thread/INFO]: Pumpkin Growth Modifier: 100%
[13:27:02] [Server thread/INFO]: Sapling Growth Modifier: 100%
[13:27:02] [Server thread/INFO]: Beetroot Growth Modifier: 100%
[13:27:02] [Server thread/INFO]: Carrot Growth Modifier: 100%
[13:27:02] [Server thread/INFO]: Potato Growth Modifier: 100%
[13:27:02] [Server thread/INFO]: Wheat Growth Modifier: 100%
[13:27:02] [Server thread/INFO]: NetherWart Growth Modifier: 100%
[13:27:02] [Server thread/INFO]: Vine Growth Modifier: 100%
[13:27:02] [Server thread/INFO]: Cocoa Growth Modifier: 100%
[13:27:02] [Server thread/INFO]: Bamboo Growth Modifier: 100%
[13:27:02] [Server thread/INFO]: SweetBerry Growth Modifier: 100%
[13:27:02] [Server thread/INFO]: Kelp Growth Modifier: 100%
[13:27:02] [Server thread/INFO]: Entity Activation Range: An 32 / Mo 32 / Ra 48 / Mi 16 / Tiv true / Isa false
[13:27:02] [Server thread/INFO]: Entity Tracking Range: Pl 48 / An 48 / Mo 48 / Mi 32 / Other 64
[13:27:02] [Server thread/INFO]: Experience Merge Radius: 3.0
[13:27:02] [Server thread/INFO]: Mob Spawn Range: 6
[13:27:02] [Server thread/INFO]: Hopper Transfer: 8 Hopper Check: 1 Hopper Amount: 1
[13:27:02] [Server thread/INFO]: Custom Map Seeds:  Village: 10387312 Desert: 14357617 Igloo: 14357618 Jungle: 14357619 Swamp: 14357620 Monument: 10387313 Ocean: 14357621 Shipwreck: 165745295 End City: 10387313 Slime: 987234911 Bastion: 30084232 Fortress: 30084232 Mansion: 10387319 Fossil: 14357921 Portal: 34222645
[13:27:02] [Server thread/INFO]: Max TNT Explosions: 100
[13:27:02] [Server thread/INFO]: Tile Max Tick Time: 50ms Entity max Tick Time: 50ms
[13:27:02] [Server thread/INFO]: Zombie Aggressive Towards Villager: true
[13:27:02] [Server thread/INFO]: Arrow Despawn Rate: 1200 Trident Respawn Rate:1200
[13:27:02] [Server thread/INFO]: Nerfing mobs spawned from spawners: false
[13:27:02] [Server thread/INFO]: Allow Zombie Pigmen to spawn from portal blocks: true
[13:27:02] [Server thread/INFO]: Item Despawn Rate: 6000
[13:27:02] [Server thread/INFO]: Item Merge Radius: 2.5
[13:27:02] [Server thread/INFO]: View Distance: 10
[13:27:02] [Server thread/INFO]: Simulation Distance: 10
[13:27:03] [Server thread/INFO]: -------- World Settings For [world_the_end] --------
[13:27:03] [Server thread/INFO]: Cactus Growth Modifier: 100%
[13:27:03] [Server thread/INFO]: Cane Growth Modifier: 100%
[13:27:03] [Server thread/INFO]: Melon Growth Modifier: 100%
[13:27:03] [Server thread/INFO]: Mushroom Growth Modifier: 100%
[13:27:03] [Server thread/INFO]: Pumpkin Growth Modifier: 100%
[13:27:03] [Server thread/INFO]: Sapling Growth Modifier: 100%
[13:27:03] [Server thread/INFO]: Beetroot Growth Modifier: 100%
[13:27:03] [Server thread/INFO]: Carrot Growth Modifier: 100%
[13:27:03] [Server thread/INFO]: Potato Growth Modifier: 100%
[13:27:03] [Server thread/INFO]: Wheat Growth Modifier: 100%
[13:27:03] [Server thread/INFO]: NetherWart Growth Modifier: 100%
[13:27:03] [Server thread/INFO]: Vine Growth Modifier: 100%
[13:27:03] [Server thread/INFO]: Cocoa Growth Modifier: 100%
[13:27:03] [Server thread/INFO]: Bamboo Growth Modifier: 100%
[13:27:03] [Server thread/INFO]: SweetBerry Growth Modifier: 100%
[13:27:03] [Server thread/INFO]: Kelp Growth Modifier: 100%
[13:27:03] [Server thread/INFO]: Entity Activation Range: An 32 / Mo 32 / Ra 48 / Mi 16 / Tiv true / Isa false
[13:27:03] [Server thread/INFO]: Entity Tracking Range: Pl 48 / An 48 / Mo 48 / Mi 32 / Other 64
[13:27:03] [Server thread/INFO]: Experience Merge Radius: 3.0
[13:27:03] [Server thread/INFO]: Mob Spawn Range: 6
[13:27:03] [Server thread/INFO]: Hopper Transfer: 8 Hopper Check: 1 Hopper Amount: 1
[13:27:03] [Server thread/INFO]: Custom Map Seeds:  Village: 10387312 Desert: 14357617 Igloo: 14357618 Jungle: 14357619 Swamp: 14357620 Monument: 10387313 Ocean: 14357621 Shipwreck: 165745295 End City: 10387313 Slime: 987234911 Bastion: 30084232 Fortress: 30084232 Mansion: 10387319 Fossil: 14357921 Portal: 34222645
[13:27:03] [Server thread/INFO]: Max TNT Explosions: 100
[13:27:03] [Server thread/INFO]: Tile Max Tick Time: 50ms Entity max Tick Time: 50ms
[13:27:03] [Server thread/INFO]: Zombie Aggressive Towards Villager: true
[13:27:03] [Server thread/INFO]: Arrow Despawn Rate: 1200 Trident Respawn Rate:1200
[13:27:03] [Server thread/INFO]: Nerfing mobs spawned from spawners: false
[13:27:03] [Server thread/INFO]: Allow Zombie Pigmen to spawn from portal blocks: true
[13:27:03] [Server thread/INFO]: Item Despawn Rate: 6000
[13:27:03] [Server thread/INFO]: Item Merge Radius: 2.5
[13:27:03] [Server thread/INFO]: View Distance: 10
[13:27:03] [Server thread/INFO]: Simulation Distance: 10
[13:27:03] [Server thread/INFO]: Preparing start region for dimension minecraft:overworld
[13:27:06] [Worker-Main-4/INFO]: Preparing spawn area: 0%
[13:27:17] [Worker-Main-4/INFO]: Preparing spawn area: 0%
[13:27:17] [Worker-Main-6/INFO]: Preparing spawn area: 0%
[13:27:17] [Worker-Main-6/INFO]: Preparing spawn area: 0%
[13:27:17] [Worker-Main-6/INFO]: Preparing spawn area: 0%
[13:27:17] [Worker-Main-6/INFO]: Preparing spawn area: 0%
[13:27:17] [Worker-Main-5/INFO]: Preparing spawn area: 0%
[13:27:17] [Worker-Main-5/INFO]: Preparing spawn area: 0%
[13:27:17] [Worker-Main-5/INFO]: Preparing spawn area: 0%
[13:27:17] [Worker-Main-5/INFO]: Preparing spawn area: 0%
[13:27:17] [Worker-Main-5/INFO]: Preparing spawn area: 0%
[13:27:17] [Worker-Main-5/INFO]: Preparing spawn area: 0%
[13:27:17] [Worker-Main-5/INFO]: Preparing spawn area: 0%
[13:27:17] [Worker-Main-5/INFO]: Preparing spawn area: 0%
[13:27:17] [Worker-Main-5/INFO]: Preparing spawn area: 0%
[13:27:17] [Worker-Main-5/INFO]: Preparing spawn area: 0%
[13:27:17] [Worker-Main-6/INFO]: Preparing spawn area: 0%
[13:27:17] [Worker-Main-4/INFO]: Preparing spawn area: 0%
[13:27:17] [Worker-Main-4/INFO]: Preparing spawn area: 0%
[13:27:17] [Worker-Main-4/INFO]: Preparing spawn area: 0%
[13:27:17] [Worker-Main-4/INFO]: Preparing spawn area: 0%
[13:27:17] [Worker-Main-5/INFO]: Preparing spawn area: 0%
[13:27:17] [Worker-Main-4/INFO]: Preparing spawn area: 0%
[13:27:17] [Worker-Main-5/INFO]: Preparing spawn area: 0%
[13:27:17] [Worker-Main-4/INFO]: Preparing spawn area: 0%
[13:27:17] [Worker-Main-4/INFO]: Preparing spawn area: 0%
[13:27:17] [Worker-Main-4/INFO]: Preparing spawn area: 0%
[13:27:17] [Worker-Main-4/INFO]: Preparing spawn area: 0%
[13:27:17] [Worker-Main-4/INFO]: Preparing spawn area: 0%
[13:27:17] [Worker-Main-4/INFO]: Preparing spawn area: 0%
[13:27:18] [Worker-Main-6/INFO]: Preparing spawn area: 0%
[13:27:18] [Worker-Main-4/INFO]: Preparing spawn area: 1%
[13:27:24] [Worker-Main-6/INFO]: Preparing spawn area: 1%
[13:27:24] [Worker-Main-4/INFO]: Preparing spawn area: 1%
[13:27:24] [Worker-Main-4/INFO]: Preparing spawn area: 1%
[13:27:24] [Worker-Main-4/INFO]: Preparing spawn area: 1%
[13:27:24] [Worker-Main-6/INFO]: Preparing spawn area: 1%
[13:27:24] [Worker-Main-4/INFO]: Preparing spawn area: 1%
[13:27:24] [Worker-Main-5/INFO]: Preparing spawn area: 1%
[13:27:24] [Worker-Main-5/INFO]: Preparing spawn area: 1%
[13:27:24] [Worker-Main-5/INFO]: Preparing spawn area: 1%
[13:27:24] [Worker-Main-6/INFO]: Preparing spawn area: 1%
[13:27:24] [Worker-Main-4/INFO]: Preparing spawn area: 1%
[13:27:24] [Worker-Main-5/INFO]: Preparing spawn area: 2%
[13:27:25] [Worker-Main-5/INFO]: Preparing spawn area: 4%
[13:27:25] [Worker-Main-4/INFO]: Preparing spawn area: 13%
[13:27:26] [Worker-Main-6/INFO]: Preparing spawn area: 20%
[13:27:26] [Worker-Main-5/INFO]: Preparing spawn area: 24%
[13:27:27] [Worker-Main-6/INFO]: Preparing spawn area: 24%
[13:27:27] [Worker-Main-5/INFO]: Preparing spawn area: 25%
[13:27:28] [Worker-Main-6/INFO]: Preparing spawn area: 30%
[13:27:28] [Worker-Main-6/INFO]: Preparing spawn area: 38%
[13:27:29] [Worker-Main-5/INFO]: Preparing spawn area: 43%
[13:27:29] [Worker-Main-4/INFO]: Preparing spawn area: 46%
[13:27:30] [Worker-Main-4/INFO]: Preparing spawn area: 48%
[13:27:30] [Worker-Main-6/INFO]: Preparing spawn area: 53%
[13:27:31] [Worker-Main-6/INFO]: Preparing spawn area: 55%
[13:27:31] [Worker-Main-6/INFO]: Preparing spawn area: 56%
[13:27:32] [Worker-Main-6/INFO]: Preparing spawn area: 68%
[13:27:34] [Worker-Main-4/INFO]: Preparing spawn area: 68%
[13:27:34] [Worker-Main-6/INFO]: Preparing spawn area: 68%
[13:27:34] [Worker-Main-4/INFO]: Preparing spawn area: 68%
[13:27:34] [Worker-Main-6/INFO]: Preparing spawn area: 68%
[13:27:34] [Worker-Main-4/INFO]: Preparing spawn area: 68%
[13:27:35] [Worker-Main-5/INFO]: Preparing spawn area: 68%
[13:27:35] [Worker-Main-5/INFO]: Preparing spawn area: 69%
[13:27:36] [Worker-Main-4/INFO]: Preparing spawn area: 70%
[13:27:36] [Worker-Main-6/INFO]: Preparing spawn area: 70%
[13:27:37] [Worker-Main-6/INFO]: Preparing spawn area: 71%
[13:27:37] [Worker-Main-6/INFO]: Preparing spawn area: 74%
[13:27:38] [Worker-Main-5/INFO]: Preparing spawn area: 75%
[13:27:38] [Worker-Main-5/INFO]: Preparing spawn area: 78%
[13:27:39] [Worker-Main-4/INFO]: Preparing spawn area: 80%
[13:27:39] [Worker-Main-4/INFO]: Preparing spawn area: 80%
[13:27:40] [Worker-Main-4/INFO]: Preparing spawn area: 81%
[13:27:40] [Worker-Main-5/INFO]: Preparing spawn area: 81%
[13:27:41] [Worker-Main-5/INFO]: Preparing spawn area: 83%
[13:27:41] [Worker-Main-6/INFO]: Preparing spawn area: 83%
[13:27:43] [Worker-Main-4/INFO]: Preparing spawn area: 83%
[13:27:43] [Worker-Main-6/INFO]: Preparing spawn area: 83%
[13:27:43] [Worker-Main-4/INFO]: Preparing spawn area: 83%
[13:27:43] [Worker-Main-5/INFO]: Preparing spawn area: 83%
[13:27:44] [Worker-Main-6/INFO]: Preparing spawn area: 83%
[13:27:44] [Worker-Main-4/INFO]: Preparing spawn area: 83%
[13:27:45] [Worker-Main-4/INFO]: Preparing spawn area: 84%
[13:27:45] [Worker-Main-6/INFO]: Preparing spawn area: 84%
[13:27:46] [Worker-Main-5/INFO]: Preparing spawn area: 84%
[13:27:46] [Worker-Main-6/INFO]: Preparing spawn area: 84%
[13:27:47] [Worker-Main-6/INFO]: Preparing spawn area: 84%
[13:27:47] [Worker-Main-6/INFO]: Preparing spawn area: 85%
[13:27:48] [Worker-Main-5/INFO]: Preparing spawn area: 89%
[13:27:48] [Worker-Main-4/INFO]: Preparing spawn area: 89%
[13:27:49] [Worker-Main-5/INFO]: Preparing spawn area: 89%
[13:27:49] [Worker-Main-4/INFO]: Preparing spawn area: 89%
[13:27:50] [Worker-Main-4/INFO]: Preparing spawn area: 89%
[13:27:50] [Worker-Main-6/INFO]: Preparing spawn area: 90%
[13:27:51] [Worker-Main-4/INFO]: Preparing spawn area: 90%
[13:27:51] [Worker-Main-4/INFO]: Preparing spawn area: 92%
[13:27:52] [Worker-Main-5/INFO]: Preparing spawn area: 92%
[13:27:52] [Worker-Main-5/INFO]: Preparing spawn area: 93%
[13:27:53] [Worker-Main-4/INFO]: Preparing spawn area: 94%
[13:27:53] [Worker-Main-6/INFO]: Preparing spawn area: 94%
[13:27:54] [Worker-Main-6/INFO]: Preparing spawn area: 94%
[13:27:54] [Worker-Main-5/INFO]: Preparing spawn area: 95%
[13:27:55] [Worker-Main-5/INFO]: Preparing spawn area: 96%
[13:27:55] [Worker-Main-4/INFO]: Preparing spawn area: 96%
[13:27:56] [Worker-Main-4/INFO]: Preparing spawn area: 97%
[13:27:56] [Worker-Main-6/INFO]: Preparing spawn area: 97%
[13:27:57] [Worker-Main-4/INFO]: Preparing spawn area: 98%
[13:27:57] [Worker-Main-6/INFO]: Preparing spawn area: 99%
[13:27:57] [Server thread/INFO]: Time elapsed: 54780 ms
[13:27:57] [Server thread/INFO]: Preparing start region for dimension minecraft:the_nether
[13:28:00] [Worker-Main-6/INFO]: Preparing spawn area: 0%
[13:28:00] [Worker-Main-6/INFO]: Preparing spawn area: 0%
[13:28:00] [Worker-Main-5/INFO]: Preparing spawn area: 0%
[13:28:00] [Worker-Main-5/INFO]: Preparing spawn area: 0%
[13:28:00] [Worker-Main-5/INFO]: Preparing spawn area: 0%
[13:28:00] [Worker-Main-5/INFO]: Preparing spawn area: 0%
[13:28:00] [Worker-Main-4/INFO]: Preparing spawn area: 0%
[13:28:01] [Worker-Main-5/INFO]: Preparing spawn area: 0%
[13:28:01] [Worker-Main-4/INFO]: Preparing spawn area: 0%
[13:28:02] [Worker-Main-5/INFO]: Preparing spawn area: 0%
[13:28:02] [Worker-Main-4/INFO]: Preparing spawn area: 0%
[13:28:03] [Worker-Main-6/INFO]: Preparing spawn area: 0%
[13:28:04] [Worker-Main-4/INFO]: Preparing spawn area: 0%
[13:28:04] [Worker-Main-6/INFO]: Preparing spawn area: 1%
[13:28:04] [Worker-Main-5/INFO]: Preparing spawn area: 1%
[13:28:05] [Worker-Main-4/INFO]: Preparing spawn area: 1%
[13:28:05] [Worker-Main-4/INFO]: Preparing spawn area: 7%
[13:28:06] [Worker-Main-5/INFO]: Preparing spawn area: 15%
[13:28:07] [Worker-Main-6/INFO]: Preparing spawn area: 25%
[13:28:07] [Worker-Main-6/INFO]: Preparing spawn area: 35%
[13:28:07] [Worker-Main-5/INFO]: Preparing spawn area: 50%
[13:28:08] [Worker-Main-5/INFO]: Preparing spawn area: 55%
[13:28:08] [Worker-Main-6/INFO]: Preparing spawn area: 56%
[13:28:09] [Worker-Main-6/INFO]: Preparing spawn area: 57%
[13:28:10] [Worker-Main-5/INFO]: Preparing spawn area: 68%
[13:28:10] [Worker-Main-4/INFO]: Preparing spawn area: 68%
[13:28:11] [Worker-Main-6/INFO]: Preparing spawn area: 69%
[13:28:11] [Worker-Main-6/INFO]: Preparing spawn area: 69%
[13:28:12] [Worker-Main-4/INFO]: Preparing spawn area: 69%
[13:28:12] [Worker-Main-6/INFO]: Preparing spawn area: 70%
[13:28:12] [Worker-Main-6/INFO]: Preparing spawn area: 70%
[13:28:13] [Worker-Main-4/INFO]: Preparing spawn area: 71%
[13:28:14] [Worker-Main-5/INFO]: Preparing spawn area: 71%
[13:28:14] [Worker-Main-5/INFO]: Preparing spawn area: 72%
[13:28:15] [Worker-Main-4/INFO]: Preparing spawn area: 72%
[13:28:15] [Worker-Main-4/INFO]: Preparing spawn area: 72%
[13:28:16] [Worker-Main-4/INFO]: Preparing spawn area: 73%
[13:28:16] [Worker-Main-6/INFO]: Preparing spawn area: 74%
[13:28:16] [Worker-Main-4/INFO]: Preparing spawn area: 75%
[13:28:17] [Worker-Main-5/INFO]: Preparing spawn area: 76%
[13:28:18] [Worker-Main-5/INFO]: Preparing spawn area: 76%
[13:28:18] [Worker-Main-5/INFO]: Preparing spawn area: 77%
[13:28:18] [Worker-Main-6/INFO]: Preparing spawn area: 78%
[13:28:19] [Worker-Main-5/INFO]: Preparing spawn area: 78%
[13:28:20] [Worker-Main-4/INFO]: Preparing spawn area: 79%
[13:28:20] [Worker-Main-5/INFO]: Preparing spawn area: 80%
[13:28:21] [Worker-Main-5/INFO]: Preparing spawn area: 81%
[13:28:21] [Worker-Main-4/INFO]: Preparing spawn area: 81%
[13:28:22] [Worker-Main-4/INFO]: Preparing spawn area: 81%
[13:28:22] [Worker-Main-6/INFO]: Preparing spawn area: 83%
[13:28:23] [Worker-Main-4/INFO]: Preparing spawn area: 83%
[13:28:23] [Worker-Main-4/INFO]: Preparing spawn area: 83%
[13:28:24] [Worker-Main-4/INFO]: Preparing spawn area: 84%
[13:28:24] [Worker-Main-5/INFO]: Preparing spawn area: 84%
[13:28:24] [Worker-Main-4/INFO]: Preparing spawn area: 85%
[13:28:25] [Worker-Main-5/INFO]: Preparing spawn area: 85%
[13:28:25] [Worker-Main-5/INFO]: Preparing spawn area: 85%
[13:28:26] [Worker-Main-4/INFO]: Preparing spawn area: 86%
[13:28:26] [Worker-Main-5/INFO]: Preparing spawn area: 86%
[13:28:27] [Worker-Main-4/INFO]: Preparing spawn area: 87%
[13:28:27] [Worker-Main-4/INFO]: Preparing spawn area: 88%
[13:28:28] [Worker-Main-5/INFO]: Preparing spawn area: 88%
[13:28:29] [Worker-Main-5/INFO]: Preparing spawn area: 88%
[13:28:29] [Worker-Main-5/INFO]: Preparing spawn area: 89%
[13:28:29] [Worker-Main-6/INFO]: Preparing spawn area: 90%
[13:28:30] [Worker-Main-5/INFO]: Preparing spawn area: 91%
[13:28:31] [Worker-Main-6/INFO]: Preparing spawn area: 92%
[13:28:31] [Worker-Main-5/INFO]: Preparing spawn area: 92%
[13:28:32] [Worker-Main-4/INFO]: Preparing spawn area: 92%
[13:28:32] [Worker-Main-5/INFO]: Preparing spawn area: 93%
[13:28:32] [Worker-Main-5/INFO]: Preparing spawn area: 94%
[13:28:33] [Worker-Main-6/INFO]: Preparing spawn area: 95%
[13:28:34] [Worker-Main-4/INFO]: Preparing spawn area: 95%
[13:28:34] [Worker-Main-6/INFO]: Preparing spawn area: 96%
[13:28:35] [Worker-Main-4/INFO]: Preparing spawn area: 96%
[13:28:35] [Worker-Main-5/INFO]: Preparing spawn area: 97%
[13:28:36] [Worker-Main-5/INFO]: Preparing spawn area: 98%
[13:28:36] [Server thread/INFO]: Time elapsed: 38483 ms
[13:28:36] [Server thread/INFO]: Preparing start region for dimension minecraft:the_end
[13:28:38] [Worker-Main-6/INFO]: Preparing spawn area: 0%
[13:28:38] [Worker-Main-4/INFO]: Preparing spawn area: 0%
[13:28:38] [Worker-Main-6/INFO]: Preparing spawn area: 0%
[13:28:38] [Worker-Main-4/INFO]: Preparing spawn area: 0%
[13:28:38] [Worker-Main-5/INFO]: Preparing spawn area: 0%
[13:28:38] [Worker-Main-4/INFO]: Preparing spawn area: 0%
[13:28:39] [Worker-Main-6/INFO]: Preparing spawn area: 0%
[13:28:39] [Worker-Main-4/INFO]: Preparing spawn area: 0%
[13:28:40] [Worker-Main-5/INFO]: Preparing spawn area: 0%
[13:28:40] [Worker-Main-5/INFO]: Preparing spawn area: 0%
[13:28:41] [Worker-Main-5/INFO]: Preparing spawn area: 0%
[13:28:42] [Worker-Main-6/INFO]: Preparing spawn area: 0%
[13:28:42] [Worker-Main-4/INFO]: Preparing spawn area: 4%
[13:28:43] [Worker-Main-6/INFO]: Preparing spawn area: 14%
[13:28:43] [Worker-Main-6/INFO]: Preparing spawn area: 17%
[13:28:43] [Worker-Main-5/INFO]: Preparing spawn area: 25%
[13:28:44] [Worker-Main-4/INFO]: Preparing spawn area: 31%
[13:28:44] [Worker-Main-6/INFO]: Preparing spawn area: 40%
[13:28:45] [Worker-Main-4/INFO]: Preparing spawn area: 55%
[13:28:46] [Worker-Main-5/INFO]: Preparing spawn area: 66%
[13:28:46] [Worker-Main-6/INFO]: Preparing spawn area: 71%
[13:28:46] [Worker-Main-6/INFO]: Preparing spawn area: 74%
[13:28:47] [Worker-Main-4/INFO]: Preparing spawn area: 78%
[13:28:48] [Worker-Main-5/INFO]: Preparing spawn area: 81%
[13:28:48] [Worker-Main-5/INFO]: Preparing spawn area: 87%
[13:28:48] [Worker-Main-6/INFO]: Preparing spawn area: 94%
[13:28:49] [Server thread/INFO]: Time elapsed: 12791 ms
[13:28:49] [Server thread/INFO]: [Slimelaunch] Enabling Slimelaunch v1.0
[13:28:49] [Server thread/INFO]: [Slimelaunch] Hello, SpigotMC!
[13:28:49] [Server thread/INFO]: Server permissions file permissions.yml is empty, ignoring it
[13:28:49] [Server thread/INFO]: Done (110.226s)! For help, type "help"
[13:34:42] [Server thread/INFO]: [0;33;1m--------- [0;37;1mHelp: Index [0;33;1m---------------------------[m
[13:34:42] [Server thread/INFO]: [0;37;22mUse /help [n] to get page n of help.[m
[13:34:42] [Server thread/INFO]: [0;37;22m[0;33;22mAliases: [0;37;1mLists command aliases[m
[13:34:42] [Server thread/INFO]: [0;37;1m[0;33;22mBukkit: [0;37;1mAll commands for Bukkit[m
[13:34:42] [Server thread/INFO]: [0;37;1m[0;33;22mMinecraft: [0;37;1mAll commands for Minecraft[m
[13:34:42] [Server thread/INFO]: [0;37;1m[0;33;22m/advancement: [0;37;1mA Mojang provided command.[m
[13:34:42] [Server thread/INFO]: [0;37;1m[0;33;22m/attribute: [0;37;1mA Mojang provided command.[m
[13:34:42] [Server thread/INFO]: [0;37;1m[0;33;22m/ban: [0;37;1mA Mojang provided command.[m
[13:34:42] [Server thread/INFO]: [0;37;1m[0;33;22m/ban-ip: [0;37;1mA Mojang provided command.[m
[13:34:42] [Server thread/INFO]: [0;37;1m[0;33;22m/banlist: [0;37;1mA Mojang provided command.[m
[13:34:42] [Server thread/INFO]: [0;37;1m[0;33;22m/bossbar: [0;37;1mA Mojang provided command.[m
[13:34:42] [Server thread/INFO]: [0;37;1m[0;33;22m/clear: [0;37;1mA Mojang provided command.[m
[13:34:42] [Server thread/INFO]: [0;37;1m[0;33;22m/clone: [0;37;1mA Mojang provided command.[m
[13:34:42] [Server thread/INFO]: [0;37;1m[0;33;22m/data: [0;37;1mA Mojang provided command.[m
[13:34:42] [Server thread/INFO]: [0;37;1m[0;33;22m/datapack: [0;37;1mA Mojang provided command.[m
[13:34:42] [Server thread/INFO]: [0;37;1m[0;33;22m/debug: [0;37;1mA Mojang provided command.[m
[13:34:42] [Server thread/INFO]: [0;37;1m[0;33;22m/defaultgamemode: [0;37;1mA Mojang provided command.[m
[13:34:42] [Server thread/INFO]: [0;37;1m[0;33;22m/deop: [0;37;1mA Mojang provided command.[m
[13:34:42] [Server thread/INFO]: [0;37;1m[0;33;22m/difficulty: [0;37;1mA Mojang provided command.[m
[13:34:42] [Server thread/INFO]: [0;37;1m[0;33;22m/effect: [0;37;1mA Mojang provided command.[m
[13:34:42] [Server thread/INFO]: [0;37;1m[0;33;22m/enchant: [0;37;1mA Mojang provided command.[m
[13:34:42] [Server thread/INFO]: [0;37;1m[0;33;22m/execute: [0;37;1mA Mojang provided command.[m
[13:34:42] [Server thread/INFO]: [0;37;1m[0;33;22m/experience: [0;37;1mA Mojang provided command.[m
[13:34:42] [Server thread/INFO]: [0;37;1m[0;33;22m/fill: [0;37;1mA Mojang provided command.[m
[13:34:42] [Server thread/INFO]: [0;37;1m[0;33;22m/forceload: [0;37;1mA Mojang provided command.[m
[13:34:42] [Server thread/INFO]: [0;37;1m[0;33;22m/function: [0;37;1mA Mojang provided command.[m
[13:34:42] [Server thread/INFO]: [0;37;1m[0;33;22m/gamemode: [0;37;1mA Mojang provided command.[m
[13:34:42] [Server thread/INFO]: [0;37;1m[0;33;22m/gamerule: [0;37;1mA Mojang provided command.[m
[13:34:42] [Server thread/INFO]: [0;37;1m[0;33;22m/give: [0;37;1mA Mojang provided command.[m
[13:34:42] [Server thread/INFO]: [0;37;1m[0;33;22m/help: [0;37;1mShows the help menu[m
[13:34:42] [Server thread/INFO]: [0;37;1m[0;33;22m/item: [0;37;1mA Mojang provided command.[m
[13:34:42] [Server thread/INFO]: [0;37;1m[0;33;22m/jfr: [0;37;1mA Mojang provided command.[m
[13:34:42] [Server thread/INFO]: [0;37;1m[0;33;22m/kick: [0;37;1mA Mojang provided command.[m
[13:34:42] [Server thread/INFO]: [0;37;1m[0;33;22m/kill: [0;37;1mA Mojang provided command.[m
[13:34:42] [Server thread/INFO]: [0;37;1m[0;33;22m/list: [0;37;1mA Mojang provided command.[m
[13:34:42] [Server thread/INFO]: [0;37;1m[0;33;22m/locate: [0;37;1mA Mojang provided command.[m
[13:34:42] [Server thread/INFO]: [0;37;1m[0;33;22m/locatebiome: [0;37;1mA Mojang provided command.[m
[13:34:42] [Server thread/INFO]: [0;37;1m[0;33;22m/loot: [0;37;1mA Mojang provided command.[m
[13:34:42] [Server thread/INFO]: [0;37;1m[0;33;22m/me: [0;37;1mA Mojang provided command.[m
[13:34:42] [Server thread/INFO]: [0;37;1m[0;33;22m/minecraft:help: [0;37;1mA Mojang provided command.[m
[13:34:42] [Server thread/INFO]: [0;37;1m[0;33;22m/minecraft:reload: [0;37;1mA Mojang provided command.[m
[13:34:42] [Server thread/INFO]: [0;37;1m[0;33;22m/msg: [0;37;1mA Mojang provided command.[m
[13:34:42] [Server thread/INFO]: [0;37;1m[0;33;22m/op: [0;37;1mA Mojang provided command.[m
[13:34:42] [Server thread/INFO]: [0;37;1m[0;33;22m/pardon: [0;37;1mA Mojang provided command.[m
[13:34:42] [Server thread/INFO]: [0;37;1m[0;33;22m/pardon-ip: [0;37;1mA Mojang provided command.[m
[13:34:42] [Server thread/INFO]: [0;37;1m[0;33;22m/particle: [0;37;1mA Mojang provided command.[m
[13:34:42] [Server thread/INFO]: [0;37;1m[0;33;22m/perf: [0;37;1mA Mojang provided command.[m
[13:34:42] [Server thread/INFO]: [0;37;1m[0;33;22m/playsound: [0;37;1mA Mojang provided command.[m
[13:34:42] [Server thread/INFO]: [0;37;1m[0;33;22m/plugins: [0;37;1mGets a list of plugins running on the server[m
[13:34:42] [Server thread/INFO]: [0;37;1m[0;33;22m/recipe: [0;37;1mA Mojang provided command.[m
[13:34:42] [Server thread/INFO]: [0;37;1m[0;33;22m/reload: [0;37;1mReloads the server configuration and plugins[m
[13:34:42] [Server thread/INFO]: [0;37;1m[0;33;22m/restart: [0;37;1mRestarts the server[m
[13:34:42] [Server thread/INFO]: [0;37;1m[0;33;22m/save-all: [0;37;1mA Mojang provided command.[m
[13:34:42] [Server thread/INFO]: [0;37;1m[0;33;22m/save-off: [0;37;1mA Mojang provided command.[m
[13:34:42] [Server thread/INFO]: [0;37;1m[0;33;22m/save-on: [0;37;1mA Mojang provided command.[m
[13:34:42] [Server thread/INFO]: [0;37;1m[0;33;22m/say: [0;37;1mA Mojang provided command.[m
[13:34:42] [Server thread/INFO]: [0;37;1m[0;33;22m/schedule: [0;37;1mA Mojang provided command.[m
[13:34:42] [Server thread/INFO]: [0;37;1m[0;33;22m/scoreboard: [0;37;1mA Mojang provided command.[m
[13:34:42] [Server thread/INFO]: [0;37;1m[0;33;22m/seed: [0;37;1mA Mojang provided command.[m
[13:34:42] [Server thread/INFO]: [0;37;1m[0;33;22m/setblock: [0;37;1mA Mojang provided command.[m
[13:34:42] [Server thread/INFO]: [0;37;1m[0;33;22m/setidletimeout: [0;37;1mA Mojang provided command.[m
[13:34:42] [Server thread/INFO]: [0;37;1m[0;33;22m/setworldspawn: [0;37;1mA Mojang provided command.[m
[13:34:42] [Server thread/INFO]: [0;37;1m[0;33;22m/spawnpoint: [0;37;1mA Mojang provided command.[m
[13:34:42] [Server thread/INFO]: [0;37;1m[0;33;22m/spectate: [0;37;1mA Mojang provided command.[m
[13:34:42] [Server thread/INFO]: [0;37;1m[0;33;22m/spigot: [0;37;1mSpigot related commands[m
[13:34:42] [Server thread/INFO]: [0;37;1m[0;33;22m/spreadplayers: [0;37;1mA Mojang provided command.[m
[13:34:42] [Server thread/INFO]: [0;37;1m[0;33;22m/stop: [0;37;1mA Mojang provided command.[m
[13:34:42] [Server thread/INFO]: [0;37;1m[0;33;22m/stopsound: [0;37;1mA Mojang provided command.[m
[13:34:42] [Server thread/INFO]: [0;37;1m[0;33;22m/summon: [0;37;1mA Mojang provided command.[m
[13:34:42] [Server thread/INFO]: [0;37;1m[0;33;22m/tag: [0;37;1mA Mojang provided command.[m
[13:34:42] [Server thread/INFO]: [0;37;1m[0;33;22m/team: [0;37;1mA Mojang provided command.[m
[13:34:42] [Server thread/INFO]: [0;37;1m[0;33;22m/teammsg: [0;37;1mA Mojang provided command.[m
[13:34:42] [Server thread/INFO]: [0;37;1m[0;33;22m/teleport: [0;37;1mA Mojang provided command.[m
[13:34:42] [Server thread/INFO]: [0;37;1m[0;33;22m/tell: [0;37;1mA Mojang provided command.[m
[13:34:42] [Server thread/INFO]: [0;37;1m[0;33;22m/tellraw: [0;37;1mA Mojang provided command.[m
[13:34:42] [Server thread/INFO]: [0;37;1m[0;33;22m/time: [0;37;1mA Mojang provided command.[m
[13:34:42] [Server thread/INFO]: [0;37;1m[0;33;22m/timings: [0;37;1mManages Spigot Timings data to see performance of the server.[m
[13:34:42] [Server thread/INFO]: [0;37;1m[0;33;22m/title: [0;37;1mA Mojang provided command.[m
[13:34:42] [Server thread/INFO]: [0;37;1m[0;33;22m/tm: [0;37;1mA Mojang provided command.[m
[13:34:42] [Server thread/INFO]: [0;37;1m[0;33;22m/tp: [0;37;1mA Mojang provided command.[m
[13:34:42] [Server thread/INFO]: [0;37;1m[0;33;22m/tps: [0;37;1mGets the current ticks per second for the server[m
[13:34:42] [Server thread/INFO]: [0;37;1m[0;33;22m/trigger: [0;37;1mA Mojang provided command.[m
[13:34:42] [Server thread/INFO]: [0;37;1m[0;33;22m/version: [0;37;1mGets the version of this server including any plugins in use[m
[13:34:42] [Server thread/INFO]: [0;37;1m[0;33;22m/w: [0;37;1mA Mojang provided command.[m
[13:34:42] [Server thread/INFO]: [0;37;1m[0;33;22m/weather: [0;37;1mA Mojang provided command.[m
[13:34:42] [Server thread/INFO]: [0;37;1m[0;33;22m/whitelist: [0;37;1mA Mojang provided command.[m
[13:34:42] [Server thread/INFO]: [0;37;1m[0;33;22m/worldborder: [0;37;1mA Mojang provided command.[m
[13:34:42] [Server thread/INFO]: [0;37;1m[0;33;22m/xp: [0;37;1mA Mojang provided command.[m
[13:34:50] [Server thread/INFO]: Made chradambo a server operator
[13:35:50] [User Authenticator #1/INFO]: UUID of player chradambo is 0991e80c-c5fc-45dd-82a0-9528f1d09257
[13:35:53] [Server thread/INFO]: chradambo[/127.0.0.1:40610] logged in with entity id 317 at ([world]68.90547785178627, 72.0, -14.29715857946991)
[13:35:57] [Server thread/WARN]: Can't keep up! Is the server overloaded? Running 5058ms or 101 ticks behind
[13:36:12] [Server thread/INFO]: chradambo issued server command: /gamemode creative
[13:36:12] [Server thread/INFO]: [chradambo: Set own game mode to Creative Mode]
[13:36:16] [Server thread/INFO]: chradambo issued server command: /time set 0
[13:36:16] [Server thread/INFO]: [chradambo: Set the time to 0]
[13:36:19] [Server thread/INFO]: chradambo issued server command: /time set day
[13:36:19] [Server thread/INFO]: [chradambo: Set the time to 1000]
[13:36:27] [Server thread/INFO]: chradambo issued server command: /difficulty peaceful
[13:36:27] [Server thread/INFO]: [chradambo: The difficulty has been set to Peaceful]
[13:36:34] [Server thread/INFO]: chradambo issued server command: /gamerule doDaylightCycle false
[13:36:34] [Server thread/INFO]: [chradambo: Gamerule doDaylightCycle is now set to: false]
[13:36:58] [Server thread/INFO]: chradambo issued server command: /gamemode survival
[13:36:58] [Server thread/INFO]: [chradambo: Set own game mode to Survival Mode]
[13:37:07] [Server thread/INFO]: chradambo lost connection: Disconnected
[13:37:07] [Server thread/INFO]: chradambo left the game
